0 info it worked if it ends with ok
1 verbose cli [ '/usr/local/bin/node',
1 verbose cli   '/usr/local/bin/npm',
1 verbose cli   'install',
1 verbose cli   'hexo-cli',
1 verbose cli   '-g' ]
2 info using npm@2.5.1
3 info using node@v0.12.0
4 silly cache add args [ 'hexo-cli', null ]
5 verbose cache add spec hexo-cli
6 silly cache add parsed spec { raw: 'hexo-cli',
6 silly cache add   scope: null,
6 silly cache add   name: 'hexo-cli',
6 silly cache add   rawSpec: '',
6 silly cache add   spec: '*',
6 silly cache add   type: 'range' }
7 verbose addNamed hexo-cli@*
8 silly addNamed semver.valid null
9 silly addNamed semver.validRange *
10 silly addNameRange { name: 'hexo-cli', range: '*', hasData: false }
11 silly mapToRegistry name hexo-cli
12 silly mapToRegistry using default registry
13 silly mapToRegistry registry https://registry.npmjs.org/
14 silly mapToRegistry uri https://registry.npmjs.org/hexo-cli
15 verbose addNameRange registry:https://registry.npmjs.org/hexo-cli not in flight; fetching
16 verbose request uri https://registry.npmjs.org/hexo-cli
17 verbose request no auth needed
18 info attempt registry request try #1 at 10:22:01
19 verbose request id daf71c8cd34c53c5
20 verbose etag "EWE2SXKXPIJ9K7AJ6NPLG6UA1"
21 http request GET https://registry.npmjs.org/hexo-cli
22 http 304 https://registry.npmjs.org/hexo-cli
23 silly get cb [ 304,
23 silly get   { date: 'Wed, 18 Mar 2015 10:22:48 GMT',
23 silly get     server: 'Apache',
23 silly get     via: '1.1 varnish',
23 silly get     'last-modified': 'Wed, 18 Mar 2015 10:22:48 GMT',
23 silly get     'cache-control': 'max-age=60',
23 silly get     etag: '"EWE2SXKXPIJ9K7AJ6NPLG6UA1"',
23 silly get     age: '19',
23 silly get     'x-served-by': 'cache-ams4142-AMS',
23 silly get     'x-cache': 'HIT',
23 silly get     'x-cache-hits': '1',
23 silly get     'x-timer': 'S1426674168.170401,VS0,VE0',
23 silly get     vary: 'Accept',
23 silly get     'content-length': '0',
23 silly get     'keep-alive': 'timeout=10, max=50',
23 silly get     connection: 'Keep-Alive' } ]
24 verbose etag https://registry.npmjs.org/hexo-cli from cache
25 verbose get saving hexo-cli to /home/debian/.npm/registry.npmjs.org/hexo-cli/.cache.json
26 silly addNameRange number 2 { name: 'hexo-cli', range: '*', hasData: true }
27 silly addNameRange versions [ 'hexo-cli',
27 silly addNameRange   [ '0.0.1', '0.1.0', '0.1.1', '0.1.2', '0.1.3', '0.1.4' ] ]
28 verbose addNamed hexo-cli@0.1.4
29 silly addNamed semver.valid 0.1.4
30 silly addNamed semver.validRange 0.1.4
31 silly cache afterAdd hexo-cli@0.1.4
32 verbose afterAdd /home/debian/.npm/hexo-cli/0.1.4/package/package.json not in flight; writing
33 verbose afterAdd /home/debian/.npm/hexo-cli/0.1.4/package/package.json written
34 silly install resolved [ { name: 'hexo-cli',
34 silly install resolved     version: '0.1.4',
34 silly install resolved     description: 'Command line interface for Hexo',
34 silly install resolved     main: 'lib/index',
34 silly install resolved     bin: { hexo: './bin/hexo' },
34 silly install resolved     scripts: { test: 'gulp test' },
34 silly install resolved     directories: { lib: './lib', bin: './bin' },
34 silly install resolved     engines: { node: '>= 0.10.0' },
34 silly install resolved     repository: { type: 'git', url: 'https://github.com/hexojs/hexo-cli' },
34 silly install resolved     homepage: 'http://hexo.io/',
34 silly install resolved     keywords: [ 'website', 'blog', 'cms', 'framework', 'hexo', 'cli' ],
34 silly install resolved     author:
34 silly install resolved      { name: 'Tommy Chen',
34 silly install resolved        email: 'tommy351@gmail.com',
34 silly install resolved        url: 'http://zespia.tw' },
34 silly install resolved     license: 'MIT',
34 silly install resolved     dependencies:
34 silly install resolved      { abbrev: '^1.0.5',
34 silly install resolved        bluebird: '^2.9.8',
34 silly install resolved        chalk: '^1.0.0',
34 silly install resolved        'hexo-fs': '^0.1.3',
34 silly install resolved        minimist: '^1.1.0',
34 silly install resolved        tildify: '^1.0.0' },
34 silly install resolved     devDependencies:
34 silly install resolved      { chai: '^1.9.1',
34 silly install resolved        coveralls: '^2.11.2',
34 silly install resolved        del: '^1.1.1',
34 silly install resolved        gulp: '^3.8.9',
34 silly install resolved        'gulp-istanbul': '^0.5.0',
34 silly install resolved        'gulp-jshint': '^1.8.6',
34 silly install resolved        'gulp-load-plugins': '^0.8.0',
34 silly install resolved        'gulp-mocha': '^2.0.0',
34 silly install resolved        'hexo-renderer-marked': '^0.2.3',
34 silly install resolved        'jshint-stylish': '^1.0.0',
34 silly install resolved        mocha: '^2.0.1',
34 silly install resolved        sinon: '^1.12.2' },
34 silly install resolved     gitHead: '6f670ab6c63e180a6995ffa2e85289317d9af7e5',
34 silly install resolved     bugs: { url: 'https://github.com/hexojs/hexo-cli/issues' },
34 silly install resolved     _id: 'hexo-cli@0.1.4',
34 silly install resolved     _shasum: '8329291920d7a01d3f4da9d31a60169cb4100592',
34 silly install resolved     _from: 'hexo-cli@*',
34 silly install resolved     _npmVersion: '2.5.1',
34 silly install resolved     _nodeVersion: '0.12.0',
34 silly install resolved     _npmUser: { name: 'tommy351', email: 'tommy351@gmail.com' },
34 silly install resolved     maintainers: [ [Object] ],
34 silly install resolved     dist:
34 silly install resolved      { shasum: '8329291920d7a01d3f4da9d31a60169cb4100592',
34 silly install resolved        tarball: 'http://registry.npmjs.org/hexo-cli/-/hexo-cli-0.1.4.tgz' },
34 silly install resolved     _resolved: 'https://registry.npmjs.org/hexo-cli/-/hexo-cli-0.1.4.tgz',
34 silly install resolved     readme: 'ERROR: No README data found!' } ]
35 info install hexo-cli@0.1.4 into /usr/local/lib
36 info installOne hexo-cli@0.1.4
37 verbose installOne of hexo-cli to /usr/local/lib not in flight; installing
38 verbose lock using /home/debian/.npm/_locks/hexo-cli-d89d95637eeaa0d8.lock for /usr/local/lib/node_modules/hexo-cli
39 silly install write writing hexo-cli 0.1.4 to /usr/local/lib/node_modules/hexo-cli
40 silly cache addNamed cb hexo-cli@0.1.4
41 verbose unbuild lib/node_modules/hexo-cli
42 verbose gentlyRm vacuuming /usr/local/lib/node_modules/hexo-cli
43 verbose tar unpack /home/debian/.npm/hexo-cli/0.1.4/package.tgz
44 verbose tar unpacking to /usr/local/lib/node_modules/hexo-cli
45 verbose gentlyRm vacuuming /usr/local/lib/node_modules/hexo-cli
46 silly gunzTarPerm modes [ '755', '644' ]
47 error tar.unpack untar error /home/debian/.npm/hexo-cli/0.1.4/package.tgz
48 verbose unlock done using /home/debian/.npm/_locks/hexo-cli-d89d95637eeaa0d8.lock for /usr/local/lib/node_modules/hexo-cli
49 verbose fstream_path /usr/local/lib/node_modules/hexo-cli
50 verbose fstream_type Directory
51 verbose fstream_class DirWriter
52 verbose stack Error: EACCES, mkdir '/usr/local/lib/node_modules/hexo-cli'
52 verbose stack     at Error (native)
53 verbose fstream_stack /usr/local/lib/node_modules/npm/node_modules/fstream/lib/dir-writer.js:36:23
53 verbose fstream_stack /usr/local/lib/node_modules/npm/node_modules/mkdirp/index.js:46:53
53 verbose fstream_stack FSReqWrap.oncomplete (fs.js:99:15)
54 verbose cwd /home/debian/Desktop/VPBlog
55 error Linux 2.6.32-5-686
56 error argv "/usr/local/bin/node" "/usr/local/bin/npm" "install" "hexo-cli" "-g"
57 error node v0.12.0
58 error npm  v2.5.1
59 error path /usr/local/lib/node_modules/hexo-cli
60 error code EACCES
61 error errno -13
62 error Error: EACCES, mkdir '/usr/local/lib/node_modules/hexo-cli'
62 error     at Error (native)
62 error  { [Error: EACCES, mkdir '/usr/local/lib/node_modules/hexo-cli']
62 error   errno: -13,
62 error   code: 'EACCES',
62 error   path: '/usr/local/lib/node_modules/hexo-cli',
62 error   fstream_type: 'Directory',
62 error   fstream_path: '/usr/local/lib/node_modules/hexo-cli',
62 error   fstream_class: 'DirWriter',
62 error   fstream_stack:
62 error    [ '/usr/local/lib/node_modules/npm/node_modules/fstream/lib/dir-writer.js:36:23',
62 error      '/usr/local/lib/node_modules/npm/node_modules/mkdirp/index.js:46:53',
62 error      'FSReqWrap.oncomplete (fs.js:99:15)' ] }
63 error Please try running this command again as root/Administrator.
64 verbose exit [ -13, true ]
65 verbose unbuild lib/node_modules/hexo-cli
66 verbose gentlyRm vacuuming /usr/local/lib/node_modules/hexo-cli
